Arguments: 
  /usr/bin/node /usr/bin/yarn run esbuild-watch

PATH: 
  /root/.vscode-server/bin/b3e4e68a0bc097f0ae7907b217c1119af9e03435/bin/remote-cli:/root/.volta/bin:/mnt/wslg/runtime-dir/fnm_multishells/54_1686309397201/bin:/root/.local/share/fnm:/root/.volta/bin:/usr/local/sbin:/usr/local/bin:/usr/sbin:/usr/bin:/sbin:/bin:/usr/games:/usr/local/games:/usr/lib/wsl/lib:/mnt/c/Windows/system32:/mnt/c/Windows:/mnt/c/Windows/System32/Wbem:/mnt/c/Windows/System32/WindowsPowerShell/v1.0/:/mnt/c/Windows/System32/OpenSSH/:/mnt/c/Program Files/PuTTY/:/mnt/c/Program Files (x86)/NVIDIA Corporation/PhysX/Common:/mnt/c/Program Files/dotnet/:/mnt/c/Program Files/Microsoft VS Code/bin:/mnt/d/Software/ffmpeg/bin:/mnt/c/Users/Admin/AppData/Local/Microsoft/WindowsApps:/snap/bin

Yarn version: 
  1.22.19

Node version: 
  18.12.1

Platform: 
  linux x64

Trace: 
  SyntaxError: /root/projects/twig-language-server/packages/twig-language-server/package.json: Unexpected token } in JSON at position 547
      at JSON.parse (<anonymous>)
      at /usr/lib/node_modules/yarn/lib/cli.js:1629:59
      at Generator.next (<anonymous>)
      at step (/usr/lib/node_modules/yarn/lib/cli.js:310:30)
      at /usr/lib/node_modules/yarn/lib/cli.js:321:13

npm manifest: 
  {
    "name": "twig-language-server",
    "version": "0.0.0",
    "description": "",
    "main": "index.js",
    "type": "module",
    "scripts": {
      "esbuild-base": "npm run build:copy-wasm && esbuild ./src/*.ts --outdir=out --format=cjs --platform=node",
      "esbuild-watch": "npm run esbuild-base -- --sourcemap --watch",
      "esbuild": "npm run esbuild-base -- --sourcemap",
  
      "build": "npm run build:ts && npm run build:copy-wasm",
      "build:ts": "tsc --build",
      "build:copy-wasm": "cp vendor/tree-sitter-twig.wasm out/tree-sitter-twig.wasm",
    },
    "author": "",
    "license": "",
    "devDependencies": {
      "@types/node": "^20.2.5",
      "glob": "^10.2.7",
      "typescript": "^5.1.3",
      "vitest": "^0.31.4"
    },
    "dependencies": {
      "vscode-languageserver": "^8.1.0",
      "vscode-languageserver-textdocument": "^1.0.8",
      "web-tree-sitter": "^0.20.8"
    }
  }

yarn manifest: 
  No manifest

Lockfile: 
  No lockfile
